Stopping readout at Thu Jan 12 15:23:25 CST 2023
Stopping readout at Thu Jan 12 15:38:35 CST 2023
Stopping readout at Thu Jan 12 16:14:40 CST 2023
Stopping readout at Thu Jan 12 16:46:51 CST 2023
Stopping readout at Fri Jan 13 09:50:07 CST 2023
Stopping readout at Fri Jan 13 10:01:09 CST 2023
Stopping readout at Fri Jan 13 10:11:59 CST 2023
Stopping readout at Fri Jan 13 10:22:22 CST 2023
Stopping readout at Fri Jan 13 10:33:45 CST 2023
Stopping readout at Fri Jan 13 10:44:49 CST 2023
Stopping readout at Fri Jan 13 10:51:32 CST 2023
Stopping readout at Fri Jan 13 10:55:37 CST 2023
Stopping readout at Fri Jan 13 11:04:56 CST 2023
Stopping readout at Fri Jan 13 11:11:38 CST 2023
Stopping readout at Fri Jan 13 11:15:30 CST 2023
Stopping readout at Fri Jan 13 11:18:11 CST 2023
Stopping readout at Fri Jan 13 11:23:33 CST 2023
Stopping readout at Fri Jan 13 11:30:20 CST 2023
Stopping readout at Fri Jan 13 11:32:23 CST 2023
Stopping readout at Fri Jan 13 13:00:59 CST 2023
Stopping readout at Fri Jan 13 13:04:19 CST 2023
Stopping readout at Fri Jan 13 13:10:25 CST 2023
Stopping readout at Fri Jan 13 13:12:55 CST 2023
Stopping readout at Fri Jan 13 13:14:34 CST 2023
Stopping readout at Fri Jan 13 13:19:43 CST 2023
Stopping readout at Fri Jan 13 13:21:10 CST 2023
Stopping readout at Fri Jan 13 13:23:12 CST 2023
Stopping readout at Fri Jan 13 13:25:01 CST 2023
Stopping readout at Fri Jan 13 13:27:44 CST 2023
Stopping readout at Fri Jan 13 13:30:18 CST 2023
Stopping readout at Fri Jan 13 13:31:23 CST 2023
Stopping readout at Fri Jan 13 13:32:52 CST 2023
Stopping readout at Fri Jan 13 13:36:43 CST 2023
Stopping readout at Fri Jan 13 13:39:44 CST 2023
Stopping readout at Fri Jan 13 13:44:34 CST 2023
Stopping readout at Fri Jan 13 13:46:36 CST 2023
Stopping readout at Fri Jan 13 13:48:39 CST 2023
Stopping readout at Fri Jan 13 13:51:45 CST 2023
Stopping readout at Fri Jan 13 13:53:02 CST 2023
Stopping readout at Fri Jan 13 13:54:26 CST 2023
Stopping readout at Fri Jan 13 13:56:54 CST 2023
Stopping readout at Fri Jan 13 14:19:16 CST 2023
Stopping readout at Fri Jan 13 14:24:42 CST 2023
Stopping readout at Fri Jan 13 14:45:59 CST 2023
Stopping readout at Fri Jan 13 15:04:11 CST 2023
Stopping readout at Fri Jan 13 15:08:06 CST 2023
Stopping readout at Fri Jan 13 15:12:51 CST 2023
Stopping readout at Fri Jan 13 15:16:04 CST 2023
Stopping readout at Fri Jan 13 15:19:11 CST 2023
Stopping readout at Fri Jan 13 15:22:11 CST 2023
Stopping readout at Fri Jan 13 16:30:41 CST 2023
Stopping readout at Fri Jan 13 16:33:17 CST 2023
Stopping readout at Fri Jan 13 16:34:53 CST 2023
Stopping readout at Fri Jan 13 16:35:31 CST 2023
Stopping readout at Fri Jan 13 16:37:49 CST 2023
Stopping readout at Fri Jan 13 16:39:26 CST 2023
Stopping readout at Fri Jan 13 16:40:55 CST 2023
Stopping readout at Fri Jan 13 16:42:31 CST 2023
Stopping readout at Tue Jan 17 09:43:23 CST 2023
Stopping readout at Tue Jan 17 09:46:38 CST 2023
Stopping readout at Tue Jan 17 09:51:59 CST 2023
Stopping readout at Tue Jan 17 09:56:47 CST 2023
Stopping readout at Tue Jan 17 09:59:50 CST 2023
Stopping readout at Tue Jan 17 10:42:18 CST 2023
Stopping readout at Tue Jan 17 12:04:53 CST 2023
Stopping readout at Tue Jan 17 13:30:31 CST 2023
Stopping readout at Tue Jan 17 13:33:49 CST 2023
Stopping readout at Tue Jan 17 13:37:26 CST 2023
Stopping readout at Tue Jan 17 13:41:45 CST 2023
Stopping readout at Tue Jan 17 13:51:22 CST 2023
Stopping readout at Tue Jan 17 13:53:59 CST 2023
Stopping readout at Tue Jan 17 13:59:06 CST 2023
Stopping readout at Tue Jan 17 14:00:45 CST 2023
Stopping readout at Tue Jan 17 14:03:18 CST 2023
Stopping readout at Tue Jan 17 14:04:37 CST 2023
Stopping readout at Tue Jan 17 14:11:35 CST 2023
Stopping readout at Tue Jan 17 14:18:12 CST 2023
Stopping readout at Tue Jan 17 14:22:45 CST 2023
Stopping readout at Tue Jan 17 14:26:53 CST 2023
Stopping readout at Tue Jan 17 14:28:04 CST 2023
Stopping readout at Tue Jan 17 14:31:49 CST 2023
Stopping readout at Tue Jan 17 14:38:17 CST 2023
Stopping readout at Tue Jan 17 14:42:39 CST 2023
Stopping readout at Tue Jan 17 14:43:57 CST 2023
Stopping readout at Tue Jan 17 14:46:19 CST 2023
Stopping readout at Tue Jan 17 14:56:47 CST 2023
Stopping readout at Tue Jan 17 14:58:02 CST 2023
Stopping readout at Tue Jan 17 14:59:18 CST 2023
Stopping readout at Tue Jan 17 15:01:16 CST 2023
Stopping readout at Tue Jan 17 15:02:43 CST 2023
Stopping readout at Tue Jan 17 16:20:57 CST 2023
Stopping readout at Tue Jan 17 16:25:40 CST 2023
Stopping readout at Thu Feb  2 12:57:52 CST 2023
Stopping readout at Thu Feb  2 14:07:02 CST 2023
Stopping readout at Thu Feb  2 15:11:23 CST 2023
Stopping readout at Fri Feb  3 13:03:00 CST 2023
Stopping readout at Fri Feb  3 13:14:32 CST 2023
Stopping readout at Mon Feb  6 16:15:35 CST 2023
Stopping readout at Tue Feb  7 09:52:39 CST 2023
Stopping readout at Tue Feb  7 10:18:26 CST 2023
Stopping readout at Tue Feb  7 12:31:19 CST 2023
Stopping readout at Tue Feb  7 13:23:49 CST 2023
Stopping readout at Tue Feb  7 13:33:56 CST 2023
Stopping readout at Tue Feb  7 13:58:09 CST 2023
Stopping readout at Wed Feb  8 13:41:57 CST 2023
Stopping readout at Wed Feb  8 14:05:46 CST 2023
Stopping readout at Wed Feb  8 14:20:21 CST 2023
Stopping readout at Wed Feb  8 16:29:09 CST 2023
Stopping readout at Wed Feb  8 16:38:26 CST 2023
Stopping readout at Thu Feb  9 09:39:35 CST 2023
Stopping readout at Thu Feb  9 10:05:49 CST 2023
Stopping readout at Thu Feb  9 10:38:51 CST 2023
Stopping readout at Thu Feb  9 11:00:57 CST 2023
Stopping readout at Thu Feb  9 11:08:45 CST 2023
Stopping readout at Fri Feb 10 09:07:27 CST 2023
Stopping readout at Fri Feb 10 14:18:54 CST 2023
Stopping readout at Fri Feb 10 16:34:49 CST 2023
Stopping readout at Mon Feb 13 12:43:32 CST 2023
Stopping readout at Wed Feb 15 14:40:57 CST 2023
