no_lock: 39
no_lock: 39
no_lock: 39
Run Number: 0000007
Target Path: CRTDAQ/DATA/
Targer Directory: /data1/CRTDAQ/DATA/
Inhibit: -1
USB 39: inhibiting writing to file
no_lock: 39
Inhibit: -3
Run number to be assigned: 0000007
Data folder: /data1/CRTDAQ/DATA/
no_lock: 39
Inhibit: -2
USB 39: releasing inhibit for baseline
no_lock: 39
Inhibit: -1
USB 39: inhibiting writing to file
no_lock: 39
no_lock: 39
Inhibit: 0
USB 39: releasing inhibit
no_lock: 39
no_lock: 39
no_lock: 39
no_lock: 39
no_lock: 39
no_lock: 39
no_lock: 39
no_lock: 39
no_lock: 39
no_lock: 39
no_lock: 39
no_lock: 39
no_lock: 39
no_lock: 39
no_lock: 39
no_lock: 39
no_lock: 39
no_lock: 39
no_lock: 39
no_lock: 39
no_lock: 39
no_lock: 39
no_lock: 39
no_lock: 39
no_lock: 39
no_lock: 39
no_lock: 39
no_lock: 39
no_lock: 39
no_lock: 39
no_lock: 39
no_lock: 39
no_lock: 39
no_lock: 39
no_lock: 39
no_lock: 39
no_lock: 39
no_lock: 39
no_lock: 39
no_lock: 39
no_lock: 39
no_lock: 39
no_lock: 39
no_lock: 39
no_lock: 39
no_lock: 39
no_lock: 39
no_lock: 39
no_lock: 39
no_lock: 39
no_lock: 39
no_lock: 39
no_lock: 39
no_lock: 39
no_lock: 39
no_lock: 39
no_lock: 39
no_lock: 39
no_lock: 39
no_lock: 39
no_lock: 39
no_lock: 39
no_lock: 39
no_lock: 39
no_lock: 39
no_lock: 39
no_lock: 39
no_lock: 39
no_lock: 39
no_lock: 39
no_lock: 39
no_lock: 39
no_lock: 39
no_lock: 39
